<?xml version="1.0" encoding="UTF-8"?>
<!-- Generated by org.testng.reporters.JUnitXMLReporter -->
<testsuite ignored="0" hostname="DELL" failures="0" tests="2" name="FirefoxTest" time="133.359" errors="0" timestamp="2022-05-30T10:12:35 IST">
  <testcase classname="Verifysource.TestNg" name="@BeforeTest launchbrowser" time="133.272">
    <failure type="org.openqa.selenium.TimeoutException" message="Failed to read marionette port
Build info: version: &amp;apos;3.141.59&amp;apos;, revision: &amp;apos;e82be7d358&amp;apos;, time: &amp;apos;2018-11-14T08:17:03&amp;apos;
System info: host: &amp;apos;DELL&amp;apos;, ip: &amp;apos;192.168.184.33&amp;apos;, os.name: &amp;apos;Windows 10&amp;apos;, os.arch: &amp;apos;amd64&amp;apos;, os.version: &amp;apos;10.0&amp;apos;, java.version: &amp;apos;17.0.2&amp;apos;
Driver info: driver.version: FirefoxDriver
remote stacktrace: ">
      <![CDATA[org.openqa.selenium.TimeoutException: Failed to read marionette port
Build info: version: '3.141.59', revision: 'e82be7d358', time: '2018-11-14T08:17:03'
System info: host: 'DELL', ip: '192.168.184.33', os.name: 'Windows 10', os.arch: 'amd64', os.version: '10.0', java.version: '17.0.2'
Driver info: driver.version: FirefoxDriver
remote stacktrace: 
at org.openqa.selenium.remote.W3CHandshakeResponse.lambda$errorHandler$0(W3CHandshakeResponse.java:62)
at org.openqa.selenium.remote.HandshakeResponse.lambda$getResponseFunction$0(HandshakeResponse.java:30)
at org.openqa.selenium.remote.ProtocolHandshake.lambda$createSession$0(ProtocolHandshake.java:126)
at java.base/java.util.stream.ReferencePipeline$3$1.accept(ReferencePipeline.java:197)
at java.base/java.util.Spliterators$ArraySpliterator.tryAdvance(Spliterators.java:1002)
at java.base/java.util.stream.ReferencePipeline.forEachWithCancel(ReferencePipeline.java:129)
at java.base/java.util.stream.AbstractPipeline.copyIntoWithCancel(AbstractPipeline.java:527)
at java.base/java.util.stream.AbstractPipeline.copyInto(AbstractPipeline.java:513)
at java.base/java.util.stream.AbstractPipeline.wrapAndCopyInto(AbstractPipeline.java:499)
at java.base/java.util.stream.FindOps$FindOp.evaluateSequential(FindOps.java:150)
at java.base/java.util.stream.AbstractPipeline.evaluate(AbstractPipeline.java:234)
at java.base/java.util.stream.ReferencePipeline.findFirst(ReferencePipeline.java:647)
at org.openqa.selenium.remote.ProtocolHandshake.createSession(ProtocolHandshake.java:128)
at org.openqa.selenium.remote.ProtocolHandshake.createSession(ProtocolHandshake.java:74)
at org.openqa.selenium.remote.HttpCommandExecutor.execute(HttpCommandExecutor.java:136)
at org.openqa.selenium.remote.service.DriverCommandExecutor.execute(DriverCommandExecutor.java:83)
at org.openqa.selenium.remote.RemoteWebDriver.execute(RemoteWebDriver.java:552)
at org.openqa.selenium.remote.RemoteWebDriver.startSession(RemoteWebDriver.java:213)
at org.openqa.selenium.remote.RemoteWebDriver.<init>(RemoteWebDriver.java:131)
at org.openqa.selenium.firefox.FirefoxDriver.<init>(FirefoxDriver.java:147)
at org.openqa.selenium.firefox.FirefoxDriver.<init>(FirefoxDriver.java:125)
at Browsers.Base.openfirefoxbrowser(Base.java:23)
at Verifysource.TestNg.launchbrowser(TestNg.java:41)
... Removed 29 stack frames]]>
    </failure>
  </testcase> <!-- @BeforeTest launchbrowser -->
  <testcase classname="Verifysource.TestNg" name="@BeforeClass createobjects" time="-1.653885755539E9">
    <skipped/>
  </testcase> <!-- @BeforeClass createobjects -->
  <testcase classname="Verifysource.TestNg" name="@BeforeMethod verifyloginpage" time="-1.653885755554E9">
    <skipped/>
  </testcase> <!-- @BeforeMethod verifyloginpage -->
  <testcase classname="Verifysource.TestNg" name="@AfterMethod logoutfrombrowser" time="-1.653885755569E9">
    <skipped/>
  </testcase> <!-- @AfterMethod logoutfrombrowser -->
  <testcase classname="Verifysource.TestNg" name="@BeforeMethod verifyloginpage" time="-1.653885755572E9">
    <skipped/>
  </testcase> <!-- @BeforeMethod verifyloginpage -->
  <testcase classname="Verifysource.TestNg" name="@AfterMethod logoutfrombrowser" time="-1.653885755577E9">
    <skipped/>
  </testcase> <!-- @AfterMethod logoutfrombrowser -->
  <testcase classname="Verifysource.TestNg" name="@AfterClass clearobject" time="-1.65388575558E9">
    <skipped/>
  </testcase> <!-- @AfterClass clearobject -->
  <testcase classname="Verifysource.TestNg" name="@AfterTest closebrowser" time="-1.653885755583E9">
    <skipped/>
  </testcase> <!-- @AfterTest closebrowser -->
  <testcase classname="Verifysource.TestNg" name="selectbagpacks" time="0.0">
    <skipped/>
  </testcase> <!-- selectbagpacks -->
  <testcase classname="Verifysource.TestNg" name="selectitem" time="0.0">
    <skipped/>
  </testcase> <!-- selectitem -->
</testsuite> <!-- FirefoxTest -->
