<?xml version="1.0" encoding="UTF-8"?>
<!-- Generated by org.testng.reporters.JUnitXMLReporter -->
<testsuite ignored="0" hostname="DELL" failures="0" tests="2" name="Default test" time="0.3" errors="0" timestamp="2022-05-27T12:28:42 IST">
  <testcase classname="Verifysource.TestNg" name="@BeforeTest launchbrowser" time="-1.653634722075E9">
    <failure type="org.testng.TestNGException" message="
Parameter &amp;apos;browsername&amp;apos; is required by BeforeTest on method launchbrowser but has not been marked @Optional or defined
in C:\Users\DELL\AppData\Local\Temp\testng-eclipse--188503642\testng-customsuite.xml">
      <![CDATA[org.testng.TestNGException: 
Parameter 'browsername' is required by BeforeTest on method launchbrowser but has not been marked @Optional or defined
in C:\Users\DELL\AppData\Local\Temp\testng-eclipse--188503642\testng-customsuite.xml
at org.testng.internal.Parameters.createParams(Parameters.java:270)
at org.testng.internal.Parameters.createParametersForMethod(Parameters.java:358)
at org.testng.internal.Parameters.createParameters(Parameters.java:700)
at org.testng.internal.Parameters.createConfigurationParameters(Parameters.java:168)
at org.testng.internal.ConfigInvoker.invokeConfigurations(ConfigInvoker.java:302)
at org.testng.TestRunner.invokeTestConfigurations(TestRunner.java:637)
at org.testng.TestRunner.beforeRun(TestRunner.java:627)
at org.testng.TestRunner.run(TestRunner.java:589)
at org.testng.SuiteRunner.runTest(SuiteRunner.java:377)
at org.testng.SuiteRunner.runSequentially(SuiteRunner.java:371)
at org.testng.SuiteRunner.privateRun(SuiteRunner.java:332)
at org.testng.SuiteRunner.run(SuiteRunner.java:276)
at org.testng.SuiteRunnerWorker.runSuite(SuiteRunnerWorker.java:53)
at org.testng.SuiteRunnerWorker.run(SuiteRunnerWorker.java:96)
at org.testng.TestNG.runSuitesSequentially(TestNG.java:1212)
at org.testng.TestNG.runSuitesLocally(TestNG.java:1134)
at org.testng.TestNG.runSuites(TestNG.java:1063)
at org.testng.TestNG.run(TestNG.java:1031)
at org.testng.remote.AbstractRemoteTestNG.run(AbstractRemoteTestNG.java:115)
at org.testng.remote.RemoteTestNG.initAndRun(RemoteTestNG.java:251)
at org.testng.remote.RemoteTestNG.main(RemoteTestNG.java:77)
]]>
    </failure>
  </testcase> <!-- @BeforeTest launchbrowser -->
  <testcase classname="Verifysource.TestNg" name="@BeforeClass createobjects" time="-1.653634722195E9">
    <skipped/>
  </testcase> <!-- @BeforeClass createobjects -->
  <testcase classname="Verifysource.TestNg" name="@BeforeMethod verifyloginpage" time="-1.653634722274E9">
    <skipped/>
  </testcase> <!-- @BeforeMethod verifyloginpage -->
  <testcase classname="Verifysource.TestNg" name="@AfterMethod logoutfrombrowser" time="-1.653634722302E9">
    <skipped/>
  </testcase> <!-- @AfterMethod logoutfrombrowser -->
  <testcase classname="Verifysource.TestNg" name="@BeforeMethod verifyloginpage" time="-1.653634722324E9">
    <skipped/>
  </testcase> <!-- @BeforeMethod verifyloginpage -->
  <testcase classname="Verifysource.TestNg" name="@AfterMethod logoutfrombrowser" time="-1.653634722335E9">
    <skipped/>
  </testcase> <!-- @AfterMethod logoutfrombrowser -->
  <testcase classname="Verifysource.TestNg" name="@AfterClass clearobject" time="-1.653634722342E9">
    <skipped/>
  </testcase> <!-- @AfterClass clearobject -->
  <testcase classname="Verifysource.TestNg" name="@AfterTest closebrowser" time="-1.653634722347E9">
    <skipped/>
  </testcase> <!-- @AfterTest closebrowser -->
  <testcase classname="Verifysource.TestNg" name="selectitem" time="0.0">
    <skipped/>
  </testcase> <!-- selectitem -->
  <testcase classname="Verifysource.TestNg" name="selectbagpacks" time="0.0">
    <skipped/>
  </testcase> <!-- selectbagpacks -->
</testsuite> <!-- Default test -->
